<?xml version="1.0" encoding="UTF-8"?>
<!-- Generated by org.testng.reporters.JUnitXMLReporter -->
<testsuite ignored="3" hostname="thug-macbook-98347.local" failures="0" tests="1" name="Default test" time="1.405" errors="0" timestamp="2022-12-14T11:58:13 MSK">
  <testcase classname="Tests_POST" name="test_04_delete" time="1.371"/>
  <testcase classname="Tests_POST" name="test_02_put" time="0.0">
    <ignored/>
  </testcase> <!-- test_02_put -->
  <testcase classname="Tests_POST" name="test_01_post" time="0.0">
    <ignored/>
  </testcase> <!-- test_01_post -->
  <testcase classname="Tests_POST" name="test_03_patch" time="0.0">
    <ignored/>
  </testcase> <!-- test_03_patch -->
</testsuite> <!-- Default test -->
