<?xml version="1.0" encoding="UTF-8" ?>
<testsuite tests="97" failures="42" name="TestSuite" time="63.152" errors="0" skipped="0">
  <properties>
[...]
</properties>
  <testcase classname="databasetests.JOINTest" name="testNumberOfActiveCustomersFromWestBengaliIsEqualTo8" time="0.102"/>
  <testcase classname="databasetests.JOINTest" name="testNumberOfStoresInThailandIs3" time="0.005"/>
  <testcase classname="databasetests.JOINTest" name="testRentalIdPaymentSumIs12_95" time="0.029"/>
  <testcase classname="databasetests.UpdateTest" name="testUpdateActorTable" time="0.005">
    <failure type="java.lang.NullPointerException">java.lang.NullPointerException
	at databasetests.UpdateTest.testUpdateActorTable(UpdateTest.java:43)
</failure>
  </testcase>
  <testcase classname="databasetests.UpdateTest" name="testUpdateActorTable" time="0.002">
    <failure type="java.lang.NullPointerException">java.lang.NullPointerException
	at databasetests.UpdateTest.testUpdateActorTable(UpdateTest.java:43)
</failure>
  </testcase>
  <testcase classname="databasetests.UpdateTest" name="testUpdateActorTable" time="0.002">
    <failure type="java.lang.NullPointerException">java.lang.NullPointerException
	at databasetests.UpdateTest.testUpdateActorTable(UpdateTest.java:43)
</failure>
  </testcase>
  <testcase classname="databasetests.SelectTest" name="testZeroCageActorExists" time="0.002">
    <failure type="java.lang.NullPointerException">java.lang.NullPointerException
	at databasetests.SelectTest.testZeroCageActorExists(SelectTest.java:19)
</failure>
  </testcase>
  <testcase classname="databasetests.InsertTest" name="testInsert10Records" time="0.002">
    <failure type="java.lang.NullPointerException">java.lang.NullPointerException
	at databasetests.InsertTest.testInsert10Records(InsertTest.java:101)
</failure>
  </testcase>
  <testcase classname="databasetests.InsertTest" name="testInsert10Records" time="0.002">
    <failure type="java.lang.NullPointerException">java.lang.NullPointerException
	at databasetests.InsertTest.testInsert10Records(InsertTest.java:101)
</failure>
  </testcase>
  <testcase classname="databasetests.InsertTest" name="testInsertActor" time="0.002">
    <failure type="java.lang.NullPointerException">java.lang.NullPointerException
	at databasetests.InsertTest.testInsertActor(InsertTest.java:45)
</failure>
  </testcase>
  <testcase classname="databasetests.InsertTest" name="testInsertActor" time="0.003">
    <failure type="java.lang.NullPointerException">java.lang.NullPointerException
	at databasetests.InsertTest.testInsertActor(InsertTest.java:45)
</failure>
  </testcase>
  <testcase classname="databasetests.InsertTest" name="testInsertActor" time="0.003">
    <failure type="java.lang.NullPointerException">java.lang.NullPointerException
	at databasetests.InsertTest.testInsertActor(InsertTest.java:45)
</failure>
  </testcase>
  <testcase classname="databasetests.InsertTest" name="testInsertActor" time="0.002">
    <failure type="java.lang.NullPointerException">java.lang.NullPointerException
	at databasetests.InsertTest.testInsertActor(InsertTest.java:45)
</failure>
  </testcase>
  <testcase classname="databasetests.InsertTest" name="testInsertActor" time="0.003">
    <failure type="java.lang.NullPointerException">java.lang.NullPointerException
	at databasetests.InsertTest.testInsertActor(InsertTest.java:45)
</failure>
  </testcase>
  <testcase classname="databasetests.InsertTest" name="testInsertActor" time="0.002">
    <failure type="java.lang.NullPointerException">java.lang.NullPointerException
	at databasetests.InsertTest.testInsertActor(InsertTest.java:45)
</failure>
  </testcase>
  <testcase classname="databasetests.InsertTest" name="testInsertActor" time="0.005">
    <failure type="java.lang.NullPointerException">java.lang.NullPointerException
	at databasetests.InsertTest.testInsertActor(InsertTest.java:45)
</failure>
  </testcase>
  <testcase classname="databasetests.InsertTest" name="testInsertActor" time="0.002">
    <failure type="java.lang.NullPointerException">java.lang.NullPointerException
	at databasetests.InsertTest.testInsertActor(InsertTest.java:45)
</failure>
  </testcase>
  <testcase classname="databasetests.InsertTest" name="testInsertActor" time="0.002">
    <failure type="java.lang.NullPointerException">java.lang.NullPointerException
	at databasetests.InsertTest.testInsertActor(InsertTest.java:45)
</failure>
  </testcase>
  <testcase classname="databasetests.InsertTest" name="testInsertActor" time="0.002">
    <failure type="java.lang.NullPointerException">java.lang.NullPointerException
	at databasetests.InsertTest.testInsertActor(InsertTest.java:45)
</failure>
  </testcase>
  <testcase classname="databasetests.NumberOfRowsTest" name="testTablesNumberOfRows" time="0.004">
    <failure type="java.lang.NullPointerException">java.lang.NullPointerException
	at databasetests.NumberOfRowsTest.testTablesNumberOfRows(NumberOfRowsTest.java:32)
</failure>
  </testcase>
  <testcase classname="databasetests.NumberOfRowsTest" name="testTablesNumberOfRows" time="0">
    <failure type="java.lang.NullPointerException">java.lang.NullPointerException
	at databasetests.NumberOfRowsTest.testTablesNumberOfRows(NumberOfRowsTest.java:32)
</failure>
  </testcase>
  <testcase classname="databasetests.NumberOfRowsTest" name="testTablesNumberOfRows" time="0.002">
    <failure type="java.lang.NullPointerException">java.lang.NullPointerException
	at databasetests.NumberOfRowsTest.testTablesNumberOfRows(NumberOfRowsTest.java:32)
</failure>
  </testcase>
  <testcase classname="databasetests.NumberOfRowsTest" name="testTablesNumberOfRows" time="0.002">
    <failure type="java.lang.NullPointerException">java.lang.NullPointerException
	at databasetests.NumberOfRowsTest.testTablesNumberOfRows(NumberOfRowsTest.java:32)
</failure>
  </testcase>
  <testcase classname="databasetests.NumberOfRowsTest" name="testTablesNumberOfRows" time="0.004">
    <failure type="java.lang.NullPointerException">java.lang.NullPointerException
	at databasetests.NumberOfRowsTest.testTablesNumberOfRows(NumberOfRowsTest.java:32)
</failure>
  </testcase>
  <testcase classname="databasetests.NumberOfRowsTest" name="testTablesNumberOfRows" time="0.002">
    <failure type="java.lang.NullPointerException">java.lang.NullPointerException
	at databasetests.NumberOfRowsTest.testTablesNumberOfRows(NumberOfRowsTest.java:32)
</failure>
  </testcase>
  <testcase classname="databasetests.NumberOfRowsTest" name="testTablesNumberOfRows" time="0.002">
    <failure type="java.lang.NullPointerException">java.lang.NullPointerException
	at databasetests.NumberOfRowsTest.testTablesNumberOfRows(NumberOfRowsTest.java:32)
</failure>
  </testcase>
  <testcase classname="databasetests.DeleteTest" name="testDeleteActorById" time="0.003">
    <failure type="java.lang.NullPointerException">java.lang.NullPointerException
	at databasetests.DeleteTest.testDeleteActorById(DeleteTest.java:23)
</failure>
  </testcase>
  <testcase classname="databasetests.DeleteTest" name="testDeleteActorById" time="0.002">
    <failure type="java.lang.NullPointerException">java.lang.NullPointerException
	at databasetests.DeleteTest.testDeleteActorById(DeleteTest.java:23)
</failure>
  </testcase>
  <testcase classname="databasetests.DeleteTest" name="testDeleteActorById" time="0.002">
    <failure type="java.lang.NullPointerException">java.lang.NullPointerException
	at databasetests.DeleteTest.testDeleteActorById(DeleteTest.java:23)
</failure>
  </testcase>
  <testcase classname="databasetests.DeleteTest" name="testDeleteActorById" time="0.002">
    <failure type="java.lang.NullPointerException">java.lang.NullPointerException
	at databasetests.DeleteTest.testDeleteActorById(DeleteTest.java:23)
</failure>
  </testcase>
  <testcase classname="databasetests.DeleteTest" name="testDeleteActorById" time="0.001">
    <failure type="java.lang.NullPointerException">java.lang.NullPointerException
	at databasetests.DeleteTest.testDeleteActorById(DeleteTest.java:23)
</failure>
  </testcase>
  <testcase classname="databasetests.DeleteTest" name="testDeleteActorById" time="0.003">
    <failure type="java.lang.NullPointerException">java.lang.NullPointerException
	at databasetests.DeleteTest.testDeleteActorById(DeleteTest.java:23)
</failure>
  </testcase>
  <testcase classname="databasetests.DeleteTest" name="testDeleteActorById" time="0.002">
    <failure type="java.lang.NullPointerException">java.lang.NullPointerException
	at databasetests.DeleteTest.testDeleteActorById(DeleteTest.java:23)
</failure>
  </testcase>
  <testcase classname="databasetests.DeleteTest" name="testDeleteActorById" time="0.002">
    <failure type="java.lang.NullPointerException">java.lang.NullPointerException
	at databasetests.DeleteTest.testDeleteActorById(DeleteTest.java:23)
</failure>
  </testcase>
  <testcase classname="databasetests.DeleteTest" name="testDeleteActorById" time="0.002">
    <failure type="java.lang.NullPointerException">java.lang.NullPointerException
	at databasetests.DeleteTest.testDeleteActorById(DeleteTest.java:23)
</failure>
  </testcase>
  <testcase classname="databasetests.DeleteTest" name="testDeleteActorById" time="0.002">
    <failure type="java.lang.NullPointerException">java.lang.NullPointerException
	at databasetests.DeleteTest.testDeleteActorById(DeleteTest.java:23)
</failure>
  </testcase>
  <testcase classname="databasetests.DeleteTest" name="testDeleteFromActorTableWhereIdIsHigher200" time="0.002">
    <failure type="java.lang.NullPointerException">java.lang.NullPointerException
	at databasetests.DeleteTest.testDeleteFromActorTableWhereIdIsHigher200(DeleteTest.java:59)
</failure>
  </testcase>
  <testcase classname="webtests.GoogleTest" name="testGoogleSearch" time="16.388"/>
  <testcase classname="webtests.AfterLoginTest" name="testMaintenanceSearch" time="0.455"/>
  <testcase classname="webtests.LoginTest" name="testLogin" time="1.989"/>
  <testcase classname="webtests.LoginTest" name="testLoginNoInput" time="0.408"/>
  <testcase classname="webtests.LoginTest" name="testResetPassword" time="2.762"/>
  <testcase classname="webtests.LoginTest" name="testResetPasswordCancelButton" time="1.701"/>
  <testcase classname="webtests.LoginTest" name="testResetPasswordNoInput" time="1.132"/>
  <testcase classname="webtests.LoginTest" name="testYouTubeLink" time="24.768"/>
  <testcase classname="webtests.AdminTabTest" name="testAdminTopbarMenuJobDropdownSizeIs5" time="0.335"/>
  <testcase classname="webtests.AdminTabTest" name="testAdminTopbarMenuOrganizationDropdownSizeIs3" time="0.327"/>
  <testcase classname="webtests.AdminTabTest" name="testAdminTopbarMenuUserManagementDropdownSizeIs1" time="0.519"/>
  <testcase classname="webtests.AdminTabTest" name="testIframe" time="0.012"/>
  <testcase classname="backendtests.GetTest" name="testDataFirstNameHasMichaelAndLindsay" time="1.897"/>
  <testcase classname="backendtests.GetTest" name="testDataId0OnPage2Is7" time="0.236"/>
  <testcase classname="backendtests.GetTest" name="testDataId1Is8" time="0.208"/>
  <testcase classname="backendtests.GetTest" name="testDelayedResponse" time="2.239"/>
  <testcase classname="backendtests.GetTest" name="testListResource" time="0.287"/>
  <testcase classname="backendtests.GetTest" name="testListUsers" time="0.198"/>
  <testcase classname="backendtests.GetTest" name="testSingleResource" time="0.261"/>
  <testcase classname="backendtests.GetTest" name="testSingleResourceNotFound" time="0.219"/>
  <testcase classname="backendtests.GetTest" name="testSingleResourceNotFound" time="0.205"/>
  <testcase classname="backendtests.GetTest" name="testSingleResourceNotFound" time="0.205"/>
  <testcase classname="backendtests.GetTest" name="testSingleResourceNotFound" time="0.222"/>
  <testcase classname="backendtests.GetTest" name="testSingleResourceNotFound" time="0.217"/>
  <testcase classname="backendtests.GetTest" name="testSingleResourceNotFound" time="0.216"/>
  <testcase classname="backendtests.GetTest" name="testSingleResourceNotFound" time="0.217"/>
  <testcase classname="backendtests.GetTest" name="testSingleResourceNotFound" time="0.211"/>
  <testcase classname="backendtests.GetTest" name="testSingleResourceNotFound" time="0.219"/>
  <testcase classname="backendtests.GetTest" name="testSingleResourceNotFound" time="0.219"/>
  <testcase classname="backendtests.GetTest" name="testSingleUser" time="0.25"/>
  <testcase classname="backendtests.GetTest" name="testSingleUserNotFound" time="0.201"/>
  <testcase classname="backendtests.PutTest" name="testUpdate" time="0.002"/>
  <testcase classname="backendtests.PutTest" name="test_01" time="0.252"/>
  <testcase classname="backendtests.PutTest" name="test_02" time="0.001"/>
  <testcase classname="backendtests.DataDrivenTest" name="test_01_post" time="0.214"/>
  <testcase classname="backendtests.DataDrivenTest" name="test_01_post" time="0.219"/>
  <testcase classname="backendtests.DataDrivenTest" name="test_01_post" time="0.206"/>
  <testcase classname="backendtests.DataDrivenTest" name="test_04_delete" time="0.457">
    <failure message="&apos;void org.hamcrest.Matcher.describeMismatch(java.lang.Object, org.hamcrest.Description)&apos;" type="java.lang.NoSuchMethodError">java.lang.NoSuchMethodError: &apos;void org.hamcrest.Matcher.describeMismatch(java.lang.Object, org.hamcrest.Description)&apos;
	at io.restassured.internal.util.MatcherErrorMessageBuilder.buildError(MatcherErrorMessageBuilder.java:35)
	at io.restassured.internal.util.MatcherErrorMessageBuilder$buildError.call(Unknown Source)
	at org.codehaus.groovy.runtime.callsite.CallSiteArray.defaultCall(CallSiteArray.java:45)
	at org.codehaus.groovy.runtime.callsite.AbstractCallSite.call(AbstractCallSite.java:125)
	at org.codehaus.groovy.runtime.callsite.AbstractCallSite.call(AbstractCallSite.java:148)
	at io.restassured.internal.ResponseSpecificationImpl$HamcrestAssertionClosure.validateStatusCodeAndStatusLine(ResponseSpecificationImpl.groovy:569)
	at io.restassured.internal.ResponseSpecificationImpl$HamcrestAssertionClosure.this$2$validateStatusCodeAndStatusLine(ResponseSpecificationImpl.groovy)
	at jdk.internal.reflect.GeneratedMethodAccessor96.invoke(Unknown Source)
	at java.base/jdk.internal.reflect.DelegatingMethodAccessorImpl.invoke(DelegatingMethodAccessorImpl.java:43)
	at java.base/java.lang.reflect.Method.invoke(Method.java:567)
	at org.codehaus.groovy.runtime.callsite.PlainObjectMetaMethodSite.doInvoke(PlainObjectMetaMethodSite.java:43)
	at org.codehaus.groovy.runtime.callsite.PogoMetaMethodSite$PogoCachedMethodSiteNoUnwrapNoCoerce.invoke(PogoMetaMethodSite.java:198)
	at org.codehaus.groovy.runtime.callsite.PogoMetaMethodSite.callCurrent(PogoMetaMethodSite.java:62)
	at org.codehaus.groovy.runtime.callsite.AbstractCallSite.callCurrent(AbstractCallSite.java:185)
	at io.restassured.internal.ResponseSpecificationImpl$HamcrestAssertionClosure.validate(ResponseSpecificationImpl.groovy:490)
	at io.restassured.internal.ResponseSpecificationImpl$HamcrestAssertionClosure$validate$1.call(Unknown Source)
	at io.restassured.internal.ResponseSpecificationImpl.validateResponseIfRequired(ResponseSpecificationImpl.groovy:696)
	at io.restassured.internal.ResponseSpecificationImpl.this$2$validateResponseIfRequired(ResponseSpecificationImpl.groovy)
	at jdk.internal.reflect.GeneratedMethodAccessor95.invoke(Unknown Source)
	at java.base/jdk.internal.reflect.DelegatingMethodAccessorImpl.invoke(DelegatingMethodAccessorImpl.java:43)
	at java.base/java.lang.reflect.Method.invoke(Method.java:567)
	at org.codehaus.groovy.runtime.callsite.PlainObjectMetaMethodSite.doInvoke(PlainObjectMetaMethodSite.java:43)
	at org.codehaus.groovy.runtime.callsite.PogoMetaMethodSite$PogoCachedMethodSiteNoUnwrapNoCoerce.invoke(PogoMetaMethodSite.java:198)
	at org.codehaus.groovy.runtime.callsite.PogoMetaMethodSite.callCurrent(PogoMetaMethodSite.java:62)
	at org.codehaus.groovy.runtime.callsite.AbstractCallSite.callCurrent(AbstractCallSite.java:185)
	at io.restassured.internal.ResponseSpecificationImpl.statusCode(ResponseSpecificationImpl.groovy:135)
	at io.restassured.specification.ResponseSpecification$statusCode$1.callCurrent(Unknown Source)
	at io.restassured.internal.ResponseSpecificationImpl.statusCode(ResponseSpecificationImpl.groovy:143)
	at io.restassured.internal.ValidatableResponseOptionsImpl.statusCode(ValidatableResponseOptionsImpl.java:89)
	at backendtests.DataDrivenTest.test_04_delete(DataDrivenTest.java:48)
</failure>
  </testcase>
  <testcase classname="backendtests.DataDrivenTest" name="test_04_delete" time="0.244">
    <failure message="&apos;void org.hamcrest.Matcher.describeMismatch(java.lang.Object, org.hamcrest.Description)&apos;" type="java.lang.NoSuchMethodError">java.lang.NoSuchMethodError: &apos;void org.hamcrest.Matcher.describeMismatch(java.lang.Object, org.hamcrest.Description)&apos;
	at io.restassured.internal.util.MatcherErrorMessageBuilder.buildError(MatcherErrorMessageBuilder.java:35)
	at io.restassured.internal.util.MatcherErrorMessageBuilder$buildError.call(Unknown Source)
	at io.restassured.internal.ResponseSpecificationImpl$HamcrestAssertionClosure.validateStatusCodeAndStatusLine(ResponseSpecificationImpl.groovy:569)
	at io.restassured.internal.ResponseSpecificationImpl$HamcrestAssertionClosure.this$2$validateStatusCodeAndStatusLine(ResponseSpecificationImpl.groovy)
	at jdk.internal.reflect.GeneratedMethodAccessor96.invoke(Unknown Source)
	at java.base/jdk.internal.reflect.DelegatingMethodAccessorImpl.invoke(DelegatingMethodAccessorImpl.java:43)
	at java.base/java.lang.reflect.Method.invoke(Method.java:567)
	at org.codehaus.groovy.runtime.callsite.PlainObjectMetaMethodSite.doInvoke(PlainObjectMetaMethodSite.java:43)
	at org.codehaus.groovy.runtime.callsite.PogoMetaMethodSite$PogoCachedMethodSiteNoUnwrapNoCoerce.invoke(PogoMetaMethodSite.java:198)
	at org.codehaus.groovy.runtime.callsite.PogoMetaMethodSite.callCurrent(PogoMetaMethodSite.java:62)
	at org.codehaus.groovy.runtime.callsite.AbstractCallSite.callCurrent(AbstractCallSite.java:185)
	at io.restassured.internal.ResponseSpecificationImpl$HamcrestAssertionClosure.validate(ResponseSpecificationImpl.groovy:490)
	at io.restassured.internal.ResponseSpecificationImpl$HamcrestAssertionClosure$validate$1.call(Unknown Source)
	at io.restassured.internal.ResponseSpecificationImpl.validateResponseIfRequired(ResponseSpecificationImpl.groovy:696)
	at io.restassured.internal.ResponseSpecificationImpl.this$2$validateResponseIfRequired(ResponseSpecificationImpl.groovy)
	at jdk.internal.reflect.GeneratedMethodAccessor95.invoke(Unknown Source)
	at java.base/jdk.internal.reflect.DelegatingMethodAccessorImpl.invoke(DelegatingMethodAccessorImpl.java:43)
	at java.base/java.lang.reflect.Method.invoke(Method.java:567)
	at org.codehaus.groovy.runtime.callsite.PlainObjectMetaMethodSite.doInvoke(PlainObjectMetaMethodSite.java:43)
	at org.codehaus.groovy.runtime.callsite.PogoMetaMethodSite$PogoCachedMethodSiteNoUnwrapNoCoerce.invoke(PogoMetaMethodSite.java:198)
	at org.codehaus.groovy.runtime.callsite.PogoMetaMethodSite.callCurrent(PogoMetaMethodSite.java:62)
	at org.codehaus.groovy.runtime.callsite.AbstractCallSite.callCurrent(AbstractCallSite.java:185)
	at io.restassured.internal.ResponseSpecificationImpl.statusCode(ResponseSpecificationImpl.groovy:135)
	at io.restassured.specification.ResponseSpecification$statusCode$1.callCurrent(Unknown Source)
	at io.restassured.internal.ResponseSpecificationImpl.statusCode(ResponseSpecificationImpl.groovy:143)
	at io.restassured.internal.ValidatableResponseOptionsImpl.statusCode(ValidatableResponseOptionsImpl.java:89)
	at backendtests.DataDrivenTest.test_04_delete(DataDrivenTest.java:48)
</failure>
  </testcase>
  <testcase classname="backendtests.DataDrivenTest" name="test_04_delete" time="0.224">
    <failure message="&apos;void org.hamcrest.Matcher.describeMismatch(java.lang.Object, org.hamcrest.Description)&apos;" type="java.lang.NoSuchMethodError">java.lang.NoSuchMethodError: &apos;void org.hamcrest.Matcher.describeMismatch(java.lang.Object, org.hamcrest.Description)&apos;
	at io.restassured.internal.util.MatcherErrorMessageBuilder.buildError(MatcherErrorMessageBuilder.java:35)
	at io.restassured.internal.util.MatcherErrorMessageBuilder$buildError.call(Unknown Source)
	at io.restassured.internal.ResponseSpecificationImpl$HamcrestAssertionClosure.validateStatusCodeAndStatusLine(ResponseSpecificationImpl.groovy:569)
	at io.restassured.internal.ResponseSpecificationImpl$HamcrestAssertionClosure.this$2$validateStatusCodeAndStatusLine(ResponseSpecificationImpl.groovy)
	at jdk.internal.reflect.GeneratedMethodAccessor96.invoke(Unknown Source)
	at java.base/jdk.internal.reflect.DelegatingMethodAccessorImpl.invoke(DelegatingMethodAccessorImpl.java:43)
	at java.base/java.lang.reflect.Method.invoke(Method.java:567)
	at org.codehaus.groovy.runtime.callsite.PlainObjectMetaMethodSite.doInvoke(PlainObjectMetaMethodSite.java:43)
	at org.codehaus.groovy.runtime.callsite.PogoMetaMethodSite$PogoCachedMethodSiteNoUnwrapNoCoerce.invoke(PogoMetaMethodSite.java:198)
	at org.codehaus.groovy.runtime.callsite.PogoMetaMethodSite.callCurrent(PogoMetaMethodSite.java:62)
	at org.codehaus.groovy.runtime.callsite.AbstractCallSite.callCurrent(AbstractCallSite.java:185)
	at io.restassured.internal.ResponseSpecificationImpl$HamcrestAssertionClosure.validate(ResponseSpecificationImpl.groovy:490)
	at io.restassured.internal.ResponseSpecificationImpl$HamcrestAssertionClosure$validate$1.call(Unknown Source)
	at io.restassured.internal.ResponseSpecificationImpl.validateResponseIfRequired(ResponseSpecificationImpl.groovy:696)
	at io.restassured.internal.ResponseSpecificationImpl.this$2$validateResponseIfRequired(ResponseSpecificationImpl.groovy)
	at jdk.internal.reflect.GeneratedMethodAccessor95.invoke(Unknown Source)
	at java.base/jdk.internal.reflect.DelegatingMethodAccessorImpl.invoke(DelegatingMethodAccessorImpl.java:43)
	at java.base/java.lang.reflect.Method.invoke(Method.java:567)
	at org.codehaus.groovy.runtime.callsite.PlainObjectMetaMethodSite.doInvoke(PlainObjectMetaMethodSite.java:43)
	at org.codehaus.groovy.runtime.callsite.PogoMetaMethodSite$PogoCachedMethodSiteNoUnwrapNoCoerce.invoke(PogoMetaMethodSite.java:198)
	at org.codehaus.groovy.runtime.callsite.PogoMetaMethodSite.callCurrent(PogoMetaMethodSite.java:62)
	at org.codehaus.groovy.runtime.callsite.AbstractCallSite.callCurrent(AbstractCallSite.java:185)
	at io.restassured.internal.ResponseSpecificationImpl.statusCode(ResponseSpecificationImpl.groovy:135)
	at io.restassured.specification.ResponseSpecification$statusCode$1.callCurrent(Unknown Source)
	at io.restassured.internal.ResponseSpecificationImpl.statusCode(ResponseSpecificationImpl.groovy:143)
	at io.restassured.internal.ValidatableResponseOptionsImpl.statusCode(ValidatableResponseOptionsImpl.java:89)
	at backendtests.DataDrivenTest.test_04_delete(DataDrivenTest.java:48)
</failure>
  </testcase>
  <testcase classname="backendtests.DeleteTest" name="testDelete" time="0.002"/>
  <testcase classname="backendtests.DeleteTest" name="test_04_delete" time="0.214">
    <failure message="&apos;void org.hamcrest.Matcher.describeMismatch(java.lang.Object, org.hamcrest.Description)&apos;" type="java.lang.NoSuchMethodError">java.lang.NoSuchMethodError: &apos;void org.hamcrest.Matcher.describeMismatch(java.lang.Object, org.hamcrest.Description)&apos;
	at io.restassured.internal.util.MatcherErrorMessageBuilder.buildError(MatcherErrorMessageBuilder.java:35)
	at io.restassured.internal.util.MatcherErrorMessageBuilder$buildError.call(Unknown Source)
	at io.restassured.internal.ResponseSpecificationImpl$HamcrestAssertionClosure.validateStatusCodeAndStatusLine(ResponseSpecificationImpl.groovy:569)
	at io.restassured.internal.ResponseSpecificationImpl$HamcrestAssertionClosure.this$2$validateStatusCodeAndStatusLine(ResponseSpecificationImpl.groovy)
	at jdk.internal.reflect.GeneratedMethodAccessor96.invoke(Unknown Source)
	at java.base/jdk.internal.reflect.DelegatingMethodAccessorImpl.invoke(DelegatingMethodAccessorImpl.java:43)
	at java.base/java.lang.reflect.Method.invoke(Method.java:567)
	at org.codehaus.groovy.runtime.callsite.PlainObjectMetaMethodSite.doInvoke(PlainObjectMetaMethodSite.java:43)
	at org.codehaus.groovy.runtime.callsite.PogoMetaMethodSite$PogoCachedMethodSiteNoUnwrapNoCoerce.invoke(PogoMetaMethodSite.java:198)
	at org.codehaus.groovy.runtime.callsite.PogoMetaMethodSite.callCurrent(PogoMetaMethodSite.java:62)
	at org.codehaus.groovy.runtime.callsite.AbstractCallSite.callCurrent(AbstractCallSite.java:185)
	at io.restassured.internal.ResponseSpecificationImpl$HamcrestAssertionClosure.validate(ResponseSpecificationImpl.groovy:490)
	at io.restassured.internal.ResponseSpecificationImpl$HamcrestAssertionClosure$validate$1.call(Unknown Source)
	at io.restassured.internal.ResponseSpecificationImpl.validateResponseIfRequired(ResponseSpecificationImpl.groovy:696)
	at io.restassured.internal.ResponseSpecificationImpl.this$2$validateResponseIfRequired(ResponseSpecificationImpl.groovy)
	at jdk.internal.reflect.GeneratedMethodAccessor95.invoke(Unknown Source)
	at java.base/jdk.internal.reflect.DelegatingMethodAccessorImpl.invoke(DelegatingMethodAccessorImpl.java:43)
	at java.base/java.lang.reflect.Method.invoke(Method.java:567)
	at org.codehaus.groovy.runtime.callsite.PlainObjectMetaMethodSite.doInvoke(PlainObjectMetaMethodSite.java:43)
	at org.codehaus.groovy.runtime.callsite.PogoMetaMethodSite$PogoCachedMethodSiteNoUnwrapNoCoerce.invoke(PogoMetaMethodSite.java:198)
	at org.codehaus.groovy.runtime.callsite.PogoMetaMethodSite.callCurrent(PogoMetaMethodSite.java:62)
	at org.codehaus.groovy.runtime.callsite.AbstractCallSite.callCurrent(AbstractCallSite.java:185)
	at io.restassured.internal.ResponseSpecificationImpl.statusCode(ResponseSpecificationImpl.groovy:135)
	at io.restassured.specification.ResponseSpecification$statusCode$1.callCurrent(Unknown Source)
	at io.restassured.internal.ResponseSpecificationImpl.statusCode(ResponseSpecificationImpl.groovy:143)
	at io.restassured.internal.ValidatableResponseOptionsImpl.statusCode(ValidatableResponseOptionsImpl.java:89)
	at backendtests.DeleteTest.test_04_delete(DeleteTest.java:30)
</failure>
  </testcase>
  <testcase classname="backendtests.DeleteTest" name="test_04_delete" time="0.225">
    <failure message="&apos;void org.hamcrest.Matcher.describeMismatch(java.lang.Object, org.hamcrest.Description)&apos;" type="java.lang.NoSuchMethodError">java.lang.NoSuchMethodError: &apos;void org.hamcrest.Matcher.describeMismatch(java.lang.Object, org.hamcrest.Description)&apos;
	at io.restassured.internal.util.MatcherErrorMessageBuilder.buildError(MatcherErrorMessageBuilder.java:35)
	at io.restassured.internal.util.MatcherErrorMessageBuilder$buildError.call(Unknown Source)
	at io.restassured.internal.ResponseSpecificationImpl$HamcrestAssertionClosure.validateStatusCodeAndStatusLine(ResponseSpecificationImpl.groovy:569)
	at io.restassured.internal.ResponseSpecificationImpl$HamcrestAssertionClosure.this$2$validateStatusCodeAndStatusLine(ResponseSpecificationImpl.groovy)
	at jdk.internal.reflect.GeneratedMethodAccessor96.invoke(Unknown Source)
	at java.base/jdk.internal.reflect.DelegatingMethodAccessorImpl.invoke(DelegatingMethodAccessorImpl.java:43)
	at java.base/java.lang.reflect.Method.invoke(Method.java:567)
	at org.codehaus.groovy.runtime.callsite.PlainObjectMetaMethodSite.doInvoke(PlainObjectMetaMethodSite.java:43)
	at org.codehaus.groovy.runtime.callsite.PogoMetaMethodSite$PogoCachedMethodSiteNoUnwrapNoCoerce.invoke(PogoMetaMethodSite.java:198)
	at org.codehaus.groovy.runtime.callsite.PogoMetaMethodSite.callCurrent(PogoMetaMethodSite.java:62)
	at org.codehaus.groovy.runtime.callsite.AbstractCallSite.callCurrent(AbstractCallSite.java:185)
	at io.restassured.internal.ResponseSpecificationImpl$HamcrestAssertionClosure.validate(ResponseSpecificationImpl.groovy:490)
	at io.restassured.internal.ResponseSpecificationImpl$HamcrestAssertionClosure$validate$1.call(Unknown Source)
	at io.restassured.internal.ResponseSpecificationImpl.validateResponseIfRequired(ResponseSpecificationImpl.groovy:696)
	at io.restassured.internal.ResponseSpecificationImpl.this$2$validateResponseIfRequired(ResponseSpecificationImpl.groovy)
	at jdk.internal.reflect.GeneratedMethodAccessor95.invoke(Unknown Source)
	at java.base/jdk.internal.reflect.DelegatingMethodAccessorImpl.invoke(DelegatingMethodAccessorImpl.java:43)
	at java.base/java.lang.reflect.Method.invoke(Method.java:567)
	at org.codehaus.groovy.runtime.callsite.PlainObjectMetaMethodSite.doInvoke(PlainObjectMetaMethodSite.java:43)
	at org.codehaus.groovy.runtime.callsite.PogoMetaMethodSite$PogoCachedMethodSiteNoUnwrapNoCoerce.invoke(PogoMetaMethodSite.java:198)
	at org.codehaus.groovy.runtime.callsite.PogoMetaMethodSite.callCurrent(PogoMetaMethodSite.java:62)
	at org.codehaus.groovy.runtime.callsite.AbstractCallSite.callCurrent(AbstractCallSite.java:185)
	at io.restassured.internal.ResponseSpecificationImpl.statusCode(ResponseSpecificationImpl.groovy:135)
	at io.restassured.specification.ResponseSpecification$statusCode$1.callCurrent(Unknown Source)
	at io.restassured.internal.ResponseSpecificationImpl.statusCode(ResponseSpecificationImpl.groovy:143)
	at io.restassured.internal.ValidatableResponseOptionsImpl.statusCode(ValidatableResponseOptionsImpl.java:89)
	at backendtests.DeleteTest.test_04_delete(DeleteTest.java:48)
</failure>
  </testcase>
  <testcase classname="backendtests.DeleteTest" name="test_04_delete" time="0.236">
    <failure message="&apos;void org.hamcrest.Matcher.describeMismatch(java.lang.Object, org.hamcrest.Description)&apos;" type="java.lang.NoSuchMethodError">java.lang.NoSuchMethodError: &apos;void org.hamcrest.Matcher.describeMismatch(java.lang.Object, org.hamcrest.Description)&apos;
	at io.restassured.internal.util.MatcherErrorMessageBuilder.buildError(MatcherErrorMessageBuilder.java:35)
	at io.restassured.internal.util.MatcherErrorMessageBuilder$buildError.call(Unknown Source)
	at io.restassured.internal.ResponseSpecificationImpl$HamcrestAssertionClosure.validateStatusCodeAndStatusLine(ResponseSpecificationImpl.groovy:569)
	at io.restassured.internal.ResponseSpecificationImpl$HamcrestAssertionClosure.this$2$validateStatusCodeAndStatusLine(ResponseSpecificationImpl.groovy)
	at jdk.internal.reflect.GeneratedMethodAccessor96.invoke(Unknown Source)
	at java.base/jdk.internal.reflect.DelegatingMethodAccessorImpl.invoke(DelegatingMethodAccessorImpl.java:43)
	at java.base/java.lang.reflect.Method.invoke(Method.java:567)
	at org.codehaus.groovy.runtime.callsite.PlainObjectMetaMethodSite.doInvoke(PlainObjectMetaMethodSite.java:43)
	at org.codehaus.groovy.runtime.callsite.PogoMetaMethodSite$PogoCachedMethodSiteNoUnwrapNoCoerce.invoke(PogoMetaMethodSite.java:198)
	at org.codehaus.groovy.runtime.callsite.PogoMetaMethodSite.callCurrent(PogoMetaMethodSite.java:62)
	at org.codehaus.groovy.runtime.callsite.AbstractCallSite.callCurrent(AbstractCallSite.java:185)
	at io.restassured.internal.ResponseSpecificationImpl$HamcrestAssertionClosure.validate(ResponseSpecificationImpl.groovy:490)
	at io.restassured.internal.ResponseSpecificationImpl$HamcrestAssertionClosure$validate$1.call(Unknown Source)
	at io.restassured.internal.ResponseSpecificationImpl.validateResponseIfRequired(ResponseSpecificationImpl.groovy:696)
	at io.restassured.internal.ResponseSpecificationImpl.this$2$validateResponseIfRequired(ResponseSpecificationImpl.groovy)
	at jdk.internal.reflect.GeneratedMethodAccessor95.invoke(Unknown Source)
	at java.base/jdk.internal.reflect.DelegatingMethodAccessorImpl.invoke(DelegatingMethodAccessorImpl.java:43)
	at java.base/java.lang.reflect.Method.invoke(Method.java:567)
	at org.codehaus.groovy.runtime.callsite.PlainObjectMetaMethodSite.doInvoke(PlainObjectMetaMethodSite.java:43)
	at org.codehaus.groovy.runtime.callsite.PogoMetaMethodSite$PogoCachedMethodSiteNoUnwrapNoCoerce.invoke(PogoMetaMethodSite.java:198)
	at org.codehaus.groovy.runtime.callsite.PogoMetaMethodSite.callCurrent(PogoMetaMethodSite.java:62)
	at org.codehaus.groovy.runtime.callsite.AbstractCallSite.callCurrent(AbstractCallSite.java:185)
	at io.restassured.internal.ResponseSpecificationImpl.statusCode(ResponseSpecificationImpl.groovy:135)
	at io.restassured.specification.ResponseSpecification$statusCode$1.callCurrent(Unknown Source)
	at io.restassured.internal.ResponseSpecificationImpl.statusCode(ResponseSpecificationImpl.groovy:143)
	at io.restassured.internal.ValidatableResponseOptionsImpl.statusCode(ValidatableResponseOptionsImpl.java:89)
	at backendtests.DeleteTest.test_04_delete(DeleteTest.java:48)
</failure>
  </testcase>
  <testcase classname="backendtests.DeleteTest" name="test_04_delete" time="0.221">
    <failure message="&apos;void org.hamcrest.Matcher.describeMismatch(java.lang.Object, org.hamcrest.Description)&apos;" type="java.lang.NoSuchMethodError">java.lang.NoSuchMethodError: &apos;void org.hamcrest.Matcher.describeMismatch(java.lang.Object, org.hamcrest.Description)&apos;
	at io.restassured.internal.util.MatcherErrorMessageBuilder.buildError(MatcherErrorMessageBuilder.java:35)
	at io.restassured.internal.util.MatcherErrorMessageBuilder$buildError.call(Unknown Source)
	at io.restassured.internal.ResponseSpecificationImpl$HamcrestAssertionClosure.validateStatusCodeAndStatusLine(ResponseSpecificationImpl.groovy:569)
	at io.restassured.internal.ResponseSpecificationImpl$HamcrestAssertionClosure.this$2$validateStatusCodeAndStatusLine(ResponseSpecificationImpl.groovy)
	at jdk.internal.reflect.GeneratedMethodAccessor96.invoke(Unknown Source)
	at java.base/jdk.internal.reflect.DelegatingMethodAccessorImpl.invoke(DelegatingMethodAccessorImpl.java:43)
	at java.base/java.lang.reflect.Method.invoke(Method.java:567)
	at org.codehaus.groovy.runtime.callsite.PlainObjectMetaMethodSite.doInvoke(PlainObjectMetaMethodSite.java:43)
	at org.codehaus.groovy.runtime.callsite.PogoMetaMethodSite$PogoCachedMethodSiteNoUnwrapNoCoerce.invoke(PogoMetaMethodSite.java:198)
	at org.codehaus.groovy.runtime.callsite.PogoMetaMethodSite.callCurrent(PogoMetaMethodSite.java:62)
	at org.codehaus.groovy.runtime.callsite.AbstractCallSite.callCurrent(AbstractCallSite.java:185)
	at io.restassured.internal.ResponseSpecificationImpl$HamcrestAssertionClosure.validate(ResponseSpecificationImpl.groovy:490)
	at io.restassured.internal.ResponseSpecificationImpl$HamcrestAssertionClosure$validate$1.call(Unknown Source)
	at io.restassured.internal.ResponseSpecificationImpl.validateResponseIfRequired(ResponseSpecificationImpl.groovy:696)
	at io.restassured.internal.ResponseSpecificationImpl.this$2$validateResponseIfRequired(ResponseSpecificationImpl.groovy)
	at jdk.internal.reflect.GeneratedMethodAccessor95.invoke(Unknown Source)
	at java.base/jdk.internal.reflect.DelegatingMethodAccessorImpl.invoke(DelegatingMethodAccessorImpl.java:43)
	at java.base/java.lang.reflect.Method.invoke(Method.java:567)
	at org.codehaus.groovy.runtime.callsite.PlainObjectMetaMethodSite.doInvoke(PlainObjectMetaMethodSite.java:43)
	at org.codehaus.groovy.runtime.callsite.PogoMetaMethodSite$PogoCachedMethodSiteNoUnwrapNoCoerce.invoke(PogoMetaMethodSite.java:198)
	at org.codehaus.groovy.runtime.callsite.PogoMetaMethodSite.callCurrent(PogoMetaMethodSite.java:62)
	at org.codehaus.groovy.runtime.callsite.AbstractCallSite.callCurrent(AbstractCallSite.java:185)
	at io.restassured.internal.ResponseSpecificationImpl.statusCode(ResponseSpecificationImpl.groovy:135)
	at io.restassured.specification.ResponseSpecification$statusCode$1.callCurrent(Unknown Source)
	at io.restassured.internal.ResponseSpecificationImpl.statusCode(ResponseSpecificationImpl.groovy:143)
	at io.restassured.internal.ValidatableResponseOptionsImpl.statusCode(ValidatableResponseOptionsImpl.java:89)
	at backendtests.DeleteTest.test_04_delete(DeleteTest.java:48)
</failure>
  </testcase>
  <testcase classname="backendtests.PostTest" name="testCreate" time="0.002"/>
  <testcase classname="backendtests.PostTest" name="testLoginSuccessful" time="0.002"/>
  <testcase classname="backendtests.PostTest" name="testLoginUnsuccessful" time="0.001"/>
  <testcase classname="backendtests.PostTest" name="testRegisterSuccessful" time="0.002"/>
  <testcase classname="backendtests.PostTest" name="testRegisterUnsuccessful" time="0.002"/>
  <testcase classname="backendtests.PostTest" name="test_01_post" time="0.268"/>
  <testcase classname="backendtests.PostTest" name="test_01_post" time="0.533"/>
  <testcase classname="backendtests.PostTest" name="test_01_post" time="0.209"/>
  <testcase classname="backendtests.PostTest" name="test_01_post" time="0.208"/>
  <testcase classname="backendtests.PostTest" name="test_2" time="0.002"/>
  <testcase classname="backendtests.PostTest" name="test_3" time="0.002"/>
  <testcase classname="backendtests.PostTest" name="test_4" time="0.002"/>
  <testcase classname="backendtests.PostTest" name="test_5" time="0.002"/>
  <testcase classname="backendtests.PatchTest" name="testUpdate" time="0.002"/>
  <testcase classname="backendtests.PatchTest" name="test_03_patch" time="0.259">
    <failure message="&apos;void org.hamcrest.Matcher.describeMismatch(java.lang.Object, org.hamcrest.Description)&apos;" type="java.lang.NoSuchMethodError">java.lang.NoSuchMethodError: &apos;void org.hamcrest.Matcher.describeMismatch(java.lang.Object, org.hamcrest.Description)&apos;
	at io.restassured.internal.util.MatcherErrorMessageBuilder.buildError(MatcherErrorMessageBuilder.java:35)
	at io.restassured.internal.util.MatcherErrorMessageBuilder$buildError.call(Unknown Source)
	at io.restassured.internal.ResponseSpecificationImpl$HamcrestAssertionClosure.validateStatusCodeAndStatusLine(ResponseSpecificationImpl.groovy:569)
	at io.restassured.internal.ResponseSpecificationImpl$HamcrestAssertionClosure.this$2$validateStatusCodeAndStatusLine(ResponseSpecificationImpl.groovy)
	at jdk.internal.reflect.GeneratedMethodAccessor96.invoke(Unknown Source)
	at java.base/jdk.internal.reflect.DelegatingMethodAccessorImpl.invoke(DelegatingMethodAccessorImpl.java:43)
	at java.base/java.lang.reflect.Method.invoke(Method.java:567)
	at org.codehaus.groovy.runtime.callsite.PlainObjectMetaMethodSite.doInvoke(PlainObjectMetaMethodSite.java:43)
	at org.codehaus.groovy.runtime.callsite.PogoMetaMethodSite$PogoCachedMethodSiteNoUnwrapNoCoerce.invoke(PogoMetaMethodSite.java:198)
	at org.codehaus.groovy.runtime.callsite.PogoMetaMethodSite.callCurrent(PogoMetaMethodSite.java:62)
	at org.codehaus.groovy.runtime.callsite.AbstractCallSite.callCurrent(AbstractCallSite.java:185)
	at io.restassured.internal.ResponseSpecificationImpl$HamcrestAssertionClosure.validate(ResponseSpecificationImpl.groovy:490)
	at io.restassured.internal.ResponseSpecificationImpl$HamcrestAssertionClosure$validate$1.call(Unknown Source)
	at io.restassured.internal.ResponseSpecificationImpl.validateResponseIfRequired(ResponseSpecificationImpl.groovy:696)
	at io.restassured.internal.ResponseSpecificationImpl.this$2$validateResponseIfRequired(ResponseSpecificationImpl.groovy)
	at jdk.internal.reflect.GeneratedMethodAccessor95.invoke(Unknown Source)
	at java.base/jdk.internal.reflect.DelegatingMethodAccessorImpl.invoke(DelegatingMethodAccessorImpl.java:43)
	at java.base/java.lang.reflect.Method.invoke(Method.java:567)
	at org.codehaus.groovy.runtime.callsite.PlainObjectMetaMethodSite.doInvoke(PlainObjectMetaMethodSite.java:43)
	at org.codehaus.groovy.runtime.callsite.PogoMetaMethodSite$PogoCachedMethodSiteNoUnwrapNoCoerce.invoke(PogoMetaMethodSite.java:198)
	at org.codehaus.groovy.runtime.callsite.PogoMetaMethodSite.callCurrent(PogoMetaMethodSite.java:62)
	at org.codehaus.groovy.runtime.callsite.AbstractCallSite.callCurrent(AbstractCallSite.java:185)
	at io.restassured.internal.ResponseSpecificationImpl.statusCode(ResponseSpecificationImpl.groovy:135)
	at io.restassured.specification.ResponseSpecification$statusCode$1.callCurrent(Unknown Source)
	at io.restassured.internal.ResponseSpecificationImpl.statusCode(ResponseSpecificationImpl.groovy:143)
	at io.restassured.internal.ValidatableResponseOptionsImpl.statusCode(ValidatableResponseOptionsImpl.java:89)
	at backendtests.PatchTest.test_03_patch(PatchTest.java:45)
</failure>
  </testcase>
</testsuite>