<?xml version="1.0" encoding="UTF-8"?>
<testng-results ignored="3" total="4" passed="1" failed="0" skipped="0">
  <reporter-output>
  </reporter-output>
  <suite started-at="2022-12-14T11:58:11 MSK" name="Default suite" finished-at="2022-12-14T11:58:13 MSK" duration-ms="1405">
    <groups>
    </groups>
    <test started-at="2022-12-14T11:58:11 MSK" name="Default test" finished-at="2022-12-14T11:58:13 MSK" duration-ms="1405">
      <class name="Tests_POST">
        <test-method signature="test_04_delete()[pri:0, instance:Tests_POST@49c7b90e]" started-at="2022-12-14T11:58:11 MSK" name="test_04_delete" finished-at="2022-12-14T11:58:13 MSK" duration-ms="1371" status="PASS">
          <reporter-output>
          </reporter-output>
        </test-method> <!-- test_04_delete -->
      </class> <!-- Tests_POST -->
    </test> <!-- Default test -->
  </suite> <!-- Default suite -->
</testng-results>
